<?xml version="1.0" encoding="UTF-8"?>
<!-- Generated by org.testng.reporters.JUnitReportReporter -->
<testsuite skipped="0" hostname="LAPTOP-DQDU3SMA" name="ApiAutomation.CreateProjectTest" tests="1" failures="0" timestamp="2021-12-06T03:43:20 PST" time="7.406" errors="0">
  <testcase name="createProjectTest" time="7.406" classname="ApiAutomation.CreateProjectTest"/>
  <system-out/>
</testsuite> <!-- ApiAutomation.CreateProjectTest -->
