<?xml version="1.0" encoding="UTF-8"?>
<!-- Generated by org.testng.reporters.JUnitReportReporter -->
<testsuite skipped="0" hostname="LAPTOP-7CVU219G" name="ApiAutomation.cookiesTest" tests="1" failures="0" timestamp="2021-09-22T16:07:05 IST" time="5.786" errors="0">
  <testcase name="testJson" time="5.786" classname="ApiAutomation.cookiesTest"/>
  <system-out/>
</testsuite> <!-- ApiAutomation.cookiesTest -->
